[0mGET / [32m200 [0m21.919 ms - 1019[0m
[0mGET /normalize.css/normalize.css [32m200 [0m9.485 ms - 7708[0m
[0mGET /assets/stylesheets/app.css [32m200 [0m5.766 ms - 120[0m
[0mGET /angular/angular.js [32m200 [0m19.528 ms - 1041139[0m
[0mGET /app/app.js [32m200 [0m4.994 ms - 3306[0m
[0mGET /angular-ui-router/release/angular-ui-router.js [32m200 [0m7.774 ms - 162905[0m
[0mGET /app/home/home.html [32m200 [0m1.908 ms - 62[0m
[0mGET /api [32m200 [0m19.128 ms - 25[0m
[0mGET / [32m200 [0m19.641 ms - 1019[0m
[0mGET /normalize.css/normalize.css [36m304 [0m15.405 ms - -[0m
[0mGET /angular/angular.js [36m304 [0m13.660 ms - -[0m
[0mGET /assets/stylesheets/app.css [32m200 [0m16.252 ms - 120[0m
[0mGET /angular-ui-router/release/angular-ui-router.js [36m304 [0m14.951 ms - -[0m
[0mGET /app/app.js [32m200 [0m14.110 ms - 3290[0m
[0mGET /app/home/home.html [36m304 [0m1.380 ms - -[0m
[0mGET / [36m304 [0m0.636 ms - -[0m
[0mGET /normalize.css/normalize.css [36m304 [0m3.505 ms - -[0m
[0mGET /assets/stylesheets/app.css [36m304 [0m0.937 ms - -[0m
[0mGET /angular/angular.js [36m304 [0m5.837 ms - -[0m
[0mGET /angular-ui-router/release/angular-ui-router.js [36m304 [0m16.277 ms - -[0m
[0mGET /app/app.js [36m304 [0m1.487 ms - -[0m
[0mGET /app/home/home.html [36m304 [0m0.794 ms - -[0m
[0mGET /assets/stylesheets/app.css [36m304 [0m1.984 ms - -[0m
[0mGET /normalize.css/normalize.css [36m304 [0m4.400 ms - -[0m
[0mGET /app/app.js.map [32m200 [0m2.242 ms - 4405[0m
[0mGET /assets/stylesheets/app.css.map [32m200 [0m1.810 ms - 255[0m
[0mGET / [36m304 [0m0.855 ms - -[0m
[0mGET /assets/stylesheets/app.css [36m304 [0m1.657 ms - -[0m
[0mGET /normalize.css/normalize.css [36m304 [0m5.741 ms - -[0m
[0mGET /angular/angular.js [36m304 [0m7.907 ms - -[0m
[0mGET /angular-ui-router/release/angular-ui-router.js [36m304 [0m2.363 ms - -[0m
[0mGET /app/app.js [32m200 [0m1.606 ms - 3454[0m
[0mGET /assets/stylesheets/app.css.map [36m304 [0m2.667 ms - -[0m
[0mGET /app/home/home.html [36m304 [0m0.890 ms - -[0m
[0mGET /app/app.js.map [32m200 [0m3.585 ms - 4511[0m
[0mGET / [36m304 [0m0.678 ms - -[0m
[0mGET /normalize.css/normalize.css [36m304 [0m3.360 ms - -[0m
[0mGET /assets/stylesheets/app.css [36m304 [0m1.345 ms - -[0m
[0mGET /angular/angular.js [36m304 [0m1.587 ms - -[0m
[0mGET /angular-ui-router/release/angular-ui-router.js [36m304 [0m2.560 ms - -[0m
[0mGET /app/app.js [32m200 [0m5.362 ms - 3463[0m
[0mGET /assets/stylesheets/app.css.map [36m304 [0m0.834 ms - -[0m
[0mGET /app/home/home.html [36m304 [0m0.503 ms - -[0m
[0mGET /app/app.js.map [32m200 [0m1.021 ms - 4521[0m
[0mGET / [36m304 [0m1.054 ms - -[0m
[0mGET /assets/stylesheets/app.css [36m304 [0m4.237 ms - -[0m
[0mGET /normalize.css/normalize.css [36m304 [0m6.710 ms - -[0m
[0mGET /angular/angular.js [36m304 [0m5.812 ms - -[0m
[0mGET /app/app.js [36m304 [0m1.815 ms - -[0m
[0mGET /angular-ui-router/release/angular-ui-router.js [36m304 [0m5.464 ms - -[0m
[0mGET /app/home/home.html [36m304 [0m0.512 ms - -[0m
[0mGET / [36m304 [0m0.973 ms - -[0m
[0mGET /assets/stylesheets/app.css [36m304 [0m3.090 ms - -[0m
[0mGET /normalize.css/normalize.css [36m304 [0m9.096 ms - -[0m
[0mGET /angular/angular.js [36m304 [0m6.304 ms - -[0m
[0mGET /angular-ui-router/release/angular-ui-router.js [36m304 [0m6.378 ms - -[0m
[0mGET /app/app.js [32m200 [0m5.845 ms - 3542[0m
[0mGET /app/home/home.html [36m304 [0m0.531 ms - -[0m
[0mGET / [36m304 [0m0.840 ms - -[0m
[0mGET /assets/stylesheets/app.css [36m304 [0m2.787 ms - -[0m
[0mGET /app/app.js [36m304 [0m2.671 ms - -[0m
[0mGET /normalize.css/normalize.css [36m304 [0m5.817 ms - -[0m
[0mGET /angular/angular.js [36m304 [0m5.201 ms - -[0m
[0mGET /angular-ui-router/release/angular-ui-router.js [36m304 [0m4.593 ms - -[0m
[0mGET /app/home/home.html [36m304 [0m0.459 ms - -[0m
[0mGET / [36m304 [0m0.555 ms - -[0m
[0mGET /normalize.css/normalize.css [36m304 [0m1.742 ms - -[0m
[0mGET /assets/stylesheets/app.css [36m304 [0m8.431 ms - -[0m
[0mGET /app/app.js [36m304 [0m2.965 ms - -[0m
[0mGET /angular/angular.js [36m304 [0m9.358 ms - -[0m
[0mGET /angular-ui-router/release/angular-ui-router.js [36m304 [0m11.444 ms - -[0m
[0mGET /app/home/home.html [36m304 [0m0.593 ms - -[0m
[0mGET / [36m304 [0m0.551 ms - -[0m
[0mGET /assets/stylesheets/app.css [36m304 [0m4.295 ms - -[0m
[0mGET /app/app.js [36m304 [0m3.992 ms - -[0m
[0mGET /normalize.css/normalize.css [36m304 [0m8.657 ms - -[0m
[0mGET /angular/angular.js [36m304 [0m8.323 ms - -[0m
[0mGET /angular-ui-router/release/angular-ui-router.js [36m304 [0m8.698 ms - -[0m
[0mGET /app/home/home.html [36m304 [0m1.040 ms - -[0m
[0mGET / [36m304 [0m1.762 ms - -[0m
[0mGET /normalize.css/normalize.css [36m304 [0m1.509 ms - -[0m
[0mGET /assets/stylesheets/app.css [36m304 [0m2.837 ms - -[0m
[0mGET /angular/angular.js [36m304 [0m5.363 ms - -[0m
[0mGET /angular-ui-router/release/angular-ui-router.js [36m304 [0m5.452 ms - -[0m
[0mGET /app/app.js [32m200 [0m4.454 ms - 3541[0m
[0mGET /app/home/home.html [36m304 [0m0.664 ms - -[0m
[0mGET / [36m304 [0m0.468 ms - -[0m
[0mGET /assets/stylesheets/app.css [36m304 [0m2.221 ms - -[0m
[0mGET /app/app.js [36m304 [0m1.964 ms - -[0m
[0mGET /normalize.css/normalize.css [36m304 [0m4.635 ms - -[0m
[0mGET /angular/angular.js [36m304 [0m4.614 ms - -[0m
[0mGET /angular-ui-router/release/angular-ui-router.js [36m304 [0m4.696 ms - -[0m
[0mGET /app/home/home.html [36m304 [0m0.491 ms - -[0m
[0mGET /assets/stylesheets/app.css [36m304 [0m2.578 ms - -[0m
[0mGET /normalize.css/normalize.css [36m304 [0m3.955 ms - -[0m
[0mGET /app/app.js.map [32m200 [0m1.563 ms - 4524[0m
[0mGET /assets/stylesheets/app.css.map [36m304 [0m0.676 ms - -[0m
[0mGET / [32m200 [0m8.458 ms - 1019[0m
[0mGET /assets/stylesheets/app.css [32m200 [0m3.273 ms - 120[0m
[0mGET /normalize.css/normalize.css [32m200 [0m4.514 ms - 7708[0m
[0mGET /app/app.js [32m200 [0m4.490 ms - 3541[0m
[0mGET /angular-ui-router/release/angular-ui-router.js [32m200 [0m10.837 ms - 162905[0m
[0mGET /angular/angular.js [32m200 [0m25.394 ms - 1041139[0m
[0mGET /assets/stylesheets/app.css.map [36m304 [0m0.872 ms - -[0m
[0mGET /app/app.js.map [36m304 [0m0.686 ms - -[0m
[0mGET /app/home/home.html [32m200 [0m8.237 ms - 62[0m
[0mGET / [36m304 [0m0.646 ms - -[0m
[0mGET /assets/stylesheets/app.css [36m304 [0m3.717 ms - -[0m
[0mGET /normalize.css/normalize.css [36m304 [0m5.751 ms - -[0m
[0mGET /angular/angular.js [36m304 [0m1.615 ms - -[0m
[0mGET /angular-ui-router/release/angular-ui-router.js [36m304 [0m7.080 ms - -[0m
[0mGET /app/app.js [36m304 [0m4.138 ms - -[0m
[0mGET /app/home/home.html [36m304 [0m0.687 ms - -[0m
[0mGET / [36m304 [0m1.407 ms - -[0m
[0mGET /assets/stylesheets/app.css [36m304 [0m2.262 ms - -[0m
[0mGET /normalize.css/normalize.css [36m304 [0m3.958 ms - -[0m
[0mGET /angular/angular.js [36m304 [0m3.426 ms - -[0m
[0mGET /angular-ui-router/release/angular-ui-router.js [36m304 [0m3.339 ms - -[0m
[0mGET /app/app.js [32m200 [0m3.331 ms - 3538[0m
[0mGET /app/home/home.html [36m304 [0m0.475 ms - -[0m
[0mGET / [36m304 [0m5.307 ms - -[0m
[0mGET /assets/stylesheets/app.css [36m304 [0m4.561 ms - -[0m
[0mGET /normalize.css/normalize.css [36m304 [0m8.535 ms - -[0m
[0mGET /angular/angular.js [36m304 [0m4.940 ms - -[0m
[0mGET /angular-ui-router/release/angular-ui-router.js [36m304 [0m4.450 ms - -[0m
[0mGET /app/app.js [32m200 [0m3.966 ms - 3698[0m
[0mGET / [36m304 [0m0.489 ms - -[0m
[0mGET /normalize.css/normalize.css [36m304 [0m1.420 ms - -[0m
[0mGET /assets/stylesheets/app.css [36m304 [0m1.648 ms - -[0m
[0mGET /angular/angular.js [36m304 [0m1.690 ms - -[0m
[0mGET /app/app.js [36m304 [0m1.139 ms - -[0m
[0mGET /angular-ui-router/release/angular-ui-router.js [36m304 [0m2.377 ms - -[0m
[0mGET / [32m200 [0m16.166 ms - 1019[0m
[0mGET /normalize.css/normalize.css [36m304 [0m16.494 ms - -[0m
[0mGET /assets/stylesheets/app.css [32m200 [0m71.032 ms - 120[0m
[0mGET /angular/angular.js [36m304 [0m82.966 ms - -[0m
[0mGET /angular-ui-router/release/angular-ui-router.js [36m304 [0m82.753 ms - -[0m
[0mGET /app/app.js [32m200 [0m79.939 ms - 3699[0m
[0mGET / [32m200 [0m18.308 ms - 1019[0m
[0mGET /normalize.css/normalize.css [36m304 [0m12.255 ms - -[0m
[0mGET /angular/angular.js [36m304 [0m9.602 ms - -[0m
[0mGET /angular-ui-router/release/angular-ui-router.js [36m304 [0m8.477 ms - -[0m
[0mGET /assets/stylesheets/app.css [32m200 [0m12.904 ms - 120[0m
[0mGET /app/app.js [32m200 [0m9.627 ms - 11793[0m
[0mGET / [36m304 [0m0.728 ms - -[0m
[0mGET /assets/stylesheets/app.css [36m304 [0m5.323 ms - -[0m
[0mGET /normalize.css/normalize.css [36m304 [0m9.018 ms - -[0m
[0mGET /angular/angular.js [36m304 [0m8.162 ms - -[0m
[0mGET /angular-ui-router/release/angular-ui-router.js [36m304 [0m8.556 ms - -[0m
[0mGET /app/app.js [32m200 [0m8.119 ms - 11795[0m
[0mGET / [36m304 [0m14.050 ms - -[0m
[0mGET /assets/stylesheets/app.css [36m304 [0m16.605 ms - -[0m
[0mGET /normalize.css/normalize.css [36m304 [0m25.872 ms - -[0m
[0mGET /angular/angular.js [36m304 [0m28.253 ms - -[0m
[0mGET /angular-ui-router/release/angular-ui-router.js [36m304 [0m24.749 ms - -[0m
[0mGET /app/app.js [32m200 [0m23.212 ms - 11793[0m
[0mGET / [36m304 [0m0.610 ms - -[0m
[0mGET /normalize.css/normalize.css [36m304 [0m2.748 ms - -[0m
[0mGET /assets/stylesheets/app.css [36m304 [0m1.118 ms - -[0m
[0mGET /angular/angular.js [36m304 [0m3.216 ms - -[0m
[0mGET /angular-ui-router/release/angular-ui-router.js [36m304 [0m8.157 ms - -[0m
[0mGET /app/app.js [36m304 [0m4.854 ms - -[0m
[0mGET / [36m304 [0m1.290 ms - -[0m
[0mGET /assets/stylesheets/app.css [36m304 [0m8.492 ms - -[0m
[0mGET /normalize.css/normalize.css [36m304 [0m13.275 ms - -[0m
[0mGET /app/app.js [36m304 [0m6.013 ms - -[0m
[0mGET /angular/angular.js [36m304 [0m10.132 ms - -[0m
[0mGET /angular-ui-router/release/angular-ui-router.js [36m304 [0m19.556 ms - -[0m
[0mGET / [36m304 [0m2.006 ms - -[0m
[0mGET /assets/stylesheets/app.css [36m304 [0m6.081 ms - -[0m
[0mGET /normalize.css/normalize.css [36m304 [0m17.019 ms - -[0m
[0mGET /angular/angular.js [36m304 [0m15.168 ms - -[0m
[0mGET /angular-ui-router/release/angular-ui-router.js [36m304 [0m13.272 ms - -[0m
[0mGET /app/app.js [32m200 [0m13.128 ms - 11795[0m
[0mGET / [36m304 [0m0.828 ms - -[0m
[0mGET /normalize.css/normalize.css [36m304 [0m1.543 ms - -[0m
[0mGET /assets/stylesheets/app.css [36m304 [0m3.227 ms - -[0m
[0mGET /angular-ui-router/release/angular-ui-router.js [36m304 [0m2.435 ms - -[0m
[0mGET /angular/angular.js [36m304 [0m4.003 ms - -[0m
[0mGET /app/app.js [32m200 [0m1.518 ms - 11795[0m
